[debug] [2017-12-31T08:19:42.394Z] ----------------------------------------------------------------------
[debug] [2017-12-31T08:19:42.397Z] Command:       /usr/local/bin/node /usr/local/bin/firebase serve
[debug] [2017-12-31T08:19:42.398Z] CLI Version:   3.15.3
[debug] [2017-12-31T08:19:42.398Z] Platform:      darwin
[debug] [2017-12-31T08:19:42.398Z] Node Version:  v6.11.2
[debug] [2017-12-31T08:19:42.398Z] Time:          Sun Dec 31 2017 17:19:42 GMT+0900 (KST)
[debug] [2017-12-31T08:19:42.398Z] ----------------------------------------------------------------------
[debug] 
[debug] [2017-12-31T08:19:42.410Z] > command requires scopes: ["email","openid","https://www.googleapis.com/auth/cloudplatformprojects.readonly","https://www.googleapis.com/auth/firebase","https://www.googleapis.com/auth/cloud-platform"]
[debug] [2017-12-31T08:19:42.411Z] > authorizing via signed-in user
[debug] [2017-12-31T08:19:42.413Z] >>> HTTP REQUEST GET https://admin.firebase.com/v1/projects/jibcon-smarts  
 Sun Dec 31 2017 17:19:42 GMT+0900 (KST)
[debug] [2017-12-31T08:19:43.312Z] <<< HTTP RESPONSE 200
[debug] [2017-12-31T08:19:43.314Z] >>> HTTP REQUEST GET https://admin.firebase.com/v1/database/jibcon-smarts/tokens  
 Sun Dec 31 2017 17:19:43 GMT+0900 (KST)
[debug] [2017-12-31T08:19:44.263Z] <<< HTTP RESPONSE 200
[info] 
[info] === Serving from '/Users/jaeyoung/workspace/WebstormProjects/jibcon-client-react'...
[info] 
[debug] [2017-12-31T08:19:44.267Z] >>> HTTP REQUEST GET https://cloudresourcemanager.googleapis.com/v1/projects/jibcon-smarts  
 Sun Dec 31 2017 17:19:44 GMT+0900 (KST)
[debug] [2017-12-31T08:19:45.284Z] <<< HTTP RESPONSE 200
[debug] [2017-12-31T08:19:45.285Z] >>> HTTP REQUEST GET https://mobilesdk-pa.googleapis.com/v1/projects/1048863648409/clients/_:getWebAppConfig  
 Sun Dec 31 2017 17:19:45 GMT+0900 (KST)
[debug] [2017-12-31T08:19:47.231Z] <<< HTTP RESPONSE 200
[info] i  hosting: Serving hosting files from: build
[info] ✔  hosting: Local server: http://localhost:5000

